2018-02-28 15:46:57.508  INFO 6876 --- [main] f.m.OnixClienteTransmisionXmlApplication : Starting OnixClienteTransmisionXmlApplication on CLS_LAP with PID 6876 (D:\wsQB\onix-cliente-transmision-xml\target\classes started by BYRON in D:\wsQB\onix-cliente-transmision-xml)
2018-02-28 15:46:57.533  INFO 6876 --- [main] f.m.OnixClienteTransmisionXmlApplication : No active profile set, falling back to default profiles: default
2018-02-28 15:46:57.891  INFO 6876 --- [main] s.c.a.AnnotationConfigApplicationContext : Refreshing org.springframework.context.annotation.AnnotationConfigApplicationContext@d6e7bab: startup date [Wed Feb 28 15:46:57 COT 2018]; root of context hierarchy
2018-02-28 15:46:59.574  INFO 6876 --- [main] f.a.AutowiredAnnotationBeanPostProcessor : JSR-330 'javax.inject.Inject' annotation found and supported for autowiring
2018-02-28 15:47:00.056  INFO 6876 --- [main] o.s.j.e.a.AnnotationMBeanExporter        : Registering beans for JMX exposure on startup
2018-02-28 15:47:00.067  INFO 6876 --- [main] s.a.ScheduledAnnotationBeanPostProcessor : No TaskScheduler/ScheduledExecutorService bean found for scheduled processing
2018-02-28 15:47:00.083  INFO 6876 --- [main] f.m.OnixClienteTransmisionXmlApplication : Started OnixClienteTransmisionXmlApplication in 3.244 seconds (JVM running for 4.056)
2018-02-28 15:48:19.449  INFO 6660 --- [main] f.m.OnixClienteTransmisionXmlApplication : Starting OnixClienteTransmisionXmlApplication on CLS_LAP with PID 6660 (D:\wsQB\onix-cliente-transmision-xml\target\classes started by BYRON in D:\wsQB\onix-cliente-transmision-xml)
2018-02-28 15:48:19.455  INFO 6660 --- [main] f.m.OnixClienteTransmisionXmlApplication : No active profile set, falling back to default profiles: default
2018-02-28 15:48:19.545  INFO 6660 --- [main] s.c.a.AnnotationConfigApplicationContext : Refreshing org.springframework.context.annotation.AnnotationConfigApplicationContext@d6e7bab: startup date [Wed Feb 28 15:48:19 COT 2018]; root of context hierarchy
2018-02-28 15:48:20.061  INFO 6660 --- [main] f.a.AutowiredAnnotationBeanPostProcessor : JSR-330 'javax.inject.Inject' annotation found and supported for autowiring
2018-02-28 15:48:20.459  INFO 6660 --- [main] o.s.j.e.a.AnnotationMBeanExporter        : Registering beans for JMX exposure on startup
2018-02-28 15:48:20.470  INFO 6660 --- [main] s.a.ScheduledAnnotationBeanPostProcessor : No TaskScheduler/ScheduledExecutorService bean found for scheduled processing
2018-02-28 15:48:20.488  INFO 6660 --- [main] f.m.OnixClienteTransmisionXmlApplication : Started OnixClienteTransmisionXmlApplication in 1.454 seconds (JVM running for 2.041)
2018-03-05 12:24:42.152  INFO 11944 --- [main] f.m.OnixClienteTransmisionXmlApplication : Starting OnixClienteTransmisionXmlApplication on CLS_LAP with PID 11944 (D:\wsQB\onix-cliente-transmision-xml\target\classes started by BYRON in D:\wsQB\onix-cliente-transmision-xml)
2018-03-05 12:24:42.156  INFO 11944 --- [main] f.m.OnixClienteTransmisionXmlApplication : No active profile set, falling back to default profiles: default
2018-03-05 12:24:42.237  INFO 11944 --- [main] s.c.a.AnnotationConfigApplicationContext : Refreshing org.springframework.context.annotation.AnnotationConfigApplicationContext@15bfd87: startup date [Mon Mar 05 12:24:42 COT 2018]; root of context hierarchy
2018-03-05 12:24:42.705  INFO 11944 --- [main] f.a.AutowiredAnnotationBeanPostProcessor : JSR-330 'javax.inject.Inject' annotation found and supported for autowiring
2018-03-05 12:24:43.003  INFO 11944 --- [main] o.s.j.e.a.AnnotationMBeanExporter        : Registering beans for JMX exposure on startup
2018-03-05 12:24:43.015  INFO 11944 --- [main] s.a.ScheduledAnnotationBeanPostProcessor : No TaskScheduler/ScheduledExecutorService bean found for scheduled processing
2018-03-05 12:24:43.030  INFO 11944 --- [main] f.m.OnixClienteTransmisionXmlApplication : Started OnixClienteTransmisionXmlApplication in 1.269 seconds (JVM running for 1.69)
2018-03-05 12:26:10.684  INFO 7672 --- [main] f.m.OnixClienteTransmisionXmlApplication : Starting OnixClienteTransmisionXmlApplication on CLS_LAP with PID 7672 (D:\wsQB\onix-cliente-transmision-xml\target\classes started by BYRON in D:\wsQB\onix-cliente-transmision-xml)
2018-03-05 12:26:10.688  INFO 7672 --- [main] f.m.OnixClienteTransmisionXmlApplication : No active profile set, falling back to default profiles: default
2018-03-05 12:26:10.768  INFO 7672 --- [main] s.c.a.AnnotationConfigApplicationContext : Refreshing org.springframework.context.annotation.AnnotationConfigApplicationContext@15bfd87: startup date [Mon Mar 05 12:26:10 COT 2018]; root of context hierarchy
2018-03-05 12:26:11.249  INFO 7672 --- [main] f.a.AutowiredAnnotationBeanPostProcessor : JSR-330 'javax.inject.Inject' annotation found and supported for autowiring
2018-03-05 12:26:11.499  INFO 7672 --- [main] o.s.j.e.a.AnnotationMBeanExporter        : Registering beans for JMX exposure on startup
2018-03-05 12:26:11.511  INFO 7672 --- [main] s.a.ScheduledAnnotationBeanPostProcessor : No TaskScheduler/ScheduledExecutorService bean found for scheduled processing
2018-03-05 12:26:11.525  INFO 7672 --- [main] f.m.OnixClienteTransmisionXmlApplication : Started OnixClienteTransmisionXmlApplication in 1.195 seconds (JVM running for 1.58)
2018-04-17 12:11:28.198  INFO 11012 --- [main] f.m.OnixClienteTransmisionXmlApplication : Starting OnixClienteTransmisionXmlApplication on CLS_LAP with PID 11012 (D:\wsQB\onix-cliente-transmision-xml\target\classes started by BYRON in D:\wsQB\onix-cliente-transmision-xml)
2018-04-17 12:11:28.220  INFO 11012 --- [main] f.m.OnixClienteTransmisionXmlApplication : No active profile set, falling back to default profiles: default
2018-04-17 12:11:28.500  INFO 11012 --- [main] s.c.a.AnnotationConfigApplicationContext : Refreshing org.springframework.context.annotation.AnnotationConfigApplicationContext@55b53d44: startup date [Tue Apr 17 12:11:28 COT 2018]; root of context hierarchy
2018-04-17 12:11:29.181  INFO 11012 --- [main] f.a.AutowiredAnnotationBeanPostProcessor : JSR-330 'javax.inject.Inject' annotation found and supported for autowiring
2018-04-17 12:11:29.765  INFO 11012 --- [main] o.s.j.e.a.AnnotationMBeanExporter        : Registering beans for JMX exposure on startup
2018-04-17 12:11:29.782  INFO 11012 --- [main] s.a.ScheduledAnnotationBeanPostProcessor : No TaskScheduler/ScheduledExecutorService bean found for scheduled processing
2018-04-17 12:11:29.810  INFO 11012 --- [main] f.m.OnixClienteTransmisionXmlApplication : Started OnixClienteTransmisionXmlApplication in 2.265 seconds (JVM running for 3.225)
2018-04-20 12:34:13.486  INFO 8448 --- [main] f.m.OnixClienteTransmisionXmlApplication : Starting OnixClienteTransmisionXmlApplication on CLS_LAP with PID 8448 (D:\wsQB\onix-cliente-transmision-xml\target\classes started by BYRON in D:\wsQB\onix-cliente-transmision-xml)
2018-04-20 12:34:13.493  INFO 8448 --- [main] f.m.OnixClienteTransmisionXmlApplication : No active profile set, falling back to default profiles: default
2018-04-20 12:34:13.596  INFO 8448 --- [main] s.c.a.AnnotationConfigApplicationContext : Refreshing org.springframework.context.annotation.AnnotationConfigApplicationContext@55b53d44: startup date [Fri Apr 20 12:34:13 COT 2018]; root of context hierarchy
2018-04-20 12:34:14.271  INFO 8448 --- [main] f.a.AutowiredAnnotationBeanPostProcessor : JSR-330 'javax.inject.Inject' annotation found and supported for autowiring
2018-04-20 12:34:14.922  INFO 8448 --- [main] o.s.j.e.a.AnnotationMBeanExporter        : Registering beans for JMX exposure on startup
2018-04-20 12:34:14.938  INFO 8448 --- [main] s.a.ScheduledAnnotationBeanPostProcessor : No TaskScheduler/ScheduledExecutorService bean found for scheduled processing
2018-04-20 12:34:14.964  INFO 8448 --- [main] f.m.OnixClienteTransmisionXmlApplication : Started OnixClienteTransmisionXmlApplication in 2.03 seconds (JVM running for 2.889)
2018-04-20 12:36:00.333  INFO 6664 --- [main] f.m.OnixClienteTransmisionXmlApplication : Starting OnixClienteTransmisionXmlApplication on CLS_LAP with PID 6664 (D:\wsQB\onix-cliente-transmision-xml\target\classes started by BYRON in D:\wsQB\onix-cliente-transmision-xml)
2018-04-20 12:36:00.349  INFO 6664 --- [main] f.m.OnixClienteTransmisionXmlApplication : No active profile set, falling back to default profiles: default
2018-04-20 12:36:00.574  INFO 6664 --- [main] s.c.a.AnnotationConfigApplicationContext : Refreshing org.springframework.context.annotation.AnnotationConfigApplicationContext@55b53d44: startup date [Fri Apr 20 12:36:00 COT 2018]; root of context hierarchy
2018-04-20 12:36:02.031  INFO 6664 --- [main] f.a.AutowiredAnnotationBeanPostProcessor : JSR-330 'javax.inject.Inject' annotation found and supported for autowiring
2018-04-20 12:36:03.327  INFO 6664 --- [main] o.s.j.e.a.AnnotationMBeanExporter        : Registering beans for JMX exposure on startup
2018-04-20 12:36:03.365  INFO 6664 --- [main] s.a.ScheduledAnnotationBeanPostProcessor : No TaskScheduler/ScheduledExecutorService bean found for scheduled processing
2018-04-20 12:36:03.431  INFO 6664 --- [main] f.m.OnixClienteTransmisionXmlApplication : Started OnixClienteTransmisionXmlApplication in 4.337 seconds (JVM running for 4.943)
2018-04-20 12:54:53.372  INFO 14300 --- [main] f.m.OnixClienteTransmisionXmlApplication : Starting OnixClienteTransmisionXmlApplication on CLS_LAP with PID 14300 (D:\wsQB\onix-cliente-transmision-xml\target\classes started by BYRON in D:\wsQB\onix-cliente-transmision-xml)
2018-04-20 12:54:53.375  INFO 14300 --- [main] f.m.OnixClienteTransmisionXmlApplication : No active profile set, falling back to default profiles: default
2018-04-20 12:54:53.444  INFO 14300 --- [main] s.c.a.AnnotationConfigApplicationContext : Refreshing org.springframework.context.annotation.AnnotationConfigApplicationContext@57f23557: startup date [Fri Apr 20 12:54:53 COT 2018]; root of context hierarchy
2018-04-20 12:54:54.075  INFO 14300 --- [main] f.a.AutowiredAnnotationBeanPostProcessor : JSR-330 'javax.inject.Inject' annotation found and supported for autowiring
2018-04-20 12:54:54.656  INFO 14300 --- [main] o.s.j.e.a.AnnotationMBeanExporter        : Registering beans for JMX exposure on startup
2018-04-20 12:54:54.663  INFO 14300 --- [main] s.a.ScheduledAnnotationBeanPostProcessor : No TaskScheduler/ScheduledExecutorService bean found for scheduled processing
2018-04-20 12:54:54.673  INFO 14300 --- [main] f.m.OnixClienteTransmisionXmlApplication : Started OnixClienteTransmisionXmlApplication in 1.546 seconds (JVM running for 1.897)
2018-04-20 13:02:19.765  INFO 7992 --- [main] f.m.OnixClienteTransmisionXmlApplication : Starting OnixClienteTransmisionXmlApplication on CLS_LAP with PID 7992 (D:\wsQB\onix-cliente-transmision-xml\target\classes started by BYRON in D:\wsQB\onix-cliente-transmision-xml)
2018-04-20 13:02:19.772  INFO 7992 --- [main] f.m.OnixClienteTransmisionXmlApplication : No active profile set, falling back to default profiles: default
2018-04-20 13:02:19.882  INFO 7992 --- [main] s.c.a.AnnotationConfigApplicationContext : Refreshing org.springframework.context.annotation.AnnotationConfigApplicationContext@55b53d44: startup date [Fri Apr 20 13:02:19 COT 2018]; root of context hierarchy
2018-04-20 13:02:20.606  INFO 7992 --- [main] f.a.AutowiredAnnotationBeanPostProcessor : JSR-330 'javax.inject.Inject' annotation found and supported for autowiring
2018-04-20 13:02:21.166  INFO 7992 --- [main] o.s.j.e.a.AnnotationMBeanExporter        : Registering beans for JMX exposure on startup
2018-04-20 13:02:21.187  INFO 7992 --- [main] s.a.ScheduledAnnotationBeanPostProcessor : No TaskScheduler/ScheduledExecutorService bean found for scheduled processing
2018-04-20 13:02:21.216  INFO 7992 --- [main] f.m.OnixClienteTransmisionXmlApplication : Started OnixClienteTransmisionXmlApplication in 25.82 seconds (JVM running for 26.372)
2018-04-20 13:03:51.508  INFO 13832 --- [main] f.m.OnixClienteTransmisionXmlApplication : Starting OnixClienteTransmisionXmlApplication on CLS_LAP with PID 13832 (D:\wsQB\onix-cliente-transmision-xml\target\classes started by BYRON in D:\wsQB\onix-cliente-transmision-xml)
2018-04-20 13:03:51.515  INFO 13832 --- [main] f.m.OnixClienteTransmisionXmlApplication : No active profile set, falling back to default profiles: default
2018-04-20 13:03:51.596  INFO 13832 --- [main] s.c.a.AnnotationConfigApplicationContext : Refreshing org.springframework.context.annotation.AnnotationConfigApplicationContext@55b53d44: startup date [Fri Apr 20 13:03:51 COT 2018]; root of context hierarchy
2018-04-20 13:03:52.099  INFO 13832 --- [main] f.a.AutowiredAnnotationBeanPostProcessor : JSR-330 'javax.inject.Inject' annotation found and supported for autowiring
2018-04-20 13:03:52.467  INFO 13832 --- [main] o.s.j.e.a.AnnotationMBeanExporter        : Registering beans for JMX exposure on startup
2018-04-20 13:03:52.481  INFO 13832 --- [main] s.a.ScheduledAnnotationBeanPostProcessor : No TaskScheduler/ScheduledExecutorService bean found for scheduled processing
2018-04-20 13:03:52.499  INFO 13832 --- [main] f.m.OnixClienteTransmisionXmlApplication : Started OnixClienteTransmisionXmlApplication in 1.439 seconds (JVM running for 2.044)
2018-04-20 13:05:46.614  INFO 6460 --- [main] f.m.OnixClienteTransmisionXmlApplication : Starting OnixClienteTransmisionXmlApplication on CLS_LAP with PID 6460 (D:\wsQB\onix-cliente-transmision-xml\target\classes started by BYRON in D:\wsQB\onix-cliente-transmision-xml)
2018-04-20 13:05:46.620  INFO 6460 --- [main] f.m.OnixClienteTransmisionXmlApplication : No active profile set, falling back to default profiles: default
2018-04-20 13:05:46.703  INFO 6460 --- [main] s.c.a.AnnotationConfigApplicationContext : Refreshing org.springframework.context.annotation.AnnotationConfigApplicationContext@55b53d44: startup date [Fri Apr 20 13:05:46 COT 2018]; root of context hierarchy
2018-04-20 13:05:47.633  INFO 6460 --- [main] f.a.AutowiredAnnotationBeanPostProcessor : JSR-330 'javax.inject.Inject' annotation found and supported for autowiring
2018-04-20 13:06:01.473  INFO 13976 --- [main] f.m.OnixClienteTransmisionXmlApplication : Starting OnixClienteTransmisionXmlApplication on CLS_LAP with PID 13976 (D:\wsQB\onix-cliente-transmision-xml\target\classes started by BYRON in D:\wsQB\onix-cliente-transmision-xml)
2018-04-20 13:06:01.488  INFO 13976 --- [main] f.m.OnixClienteTransmisionXmlApplication : No active profile set, falling back to default profiles: default
2018-04-20 13:06:01.707  INFO 13976 --- [main] s.c.a.AnnotationConfigApplicationContext : Refreshing org.springframework.context.annotation.AnnotationConfigApplicationContext@55b53d44: startup date [Fri Apr 20 13:06:01 COT 2018]; root of context hierarchy
2018-04-20 13:06:03.152  INFO 13976 --- [main] f.a.AutowiredAnnotationBeanPostProcessor : JSR-330 'javax.inject.Inject' annotation found and supported for autowiring
2018-04-20 13:06:04.131  INFO 13976 --- [main] o.s.j.e.a.AnnotationMBeanExporter        : Registering beans for JMX exposure on startup
2018-04-20 13:06:04.162  INFO 13976 --- [main] s.a.ScheduledAnnotationBeanPostProcessor : No TaskScheduler/ScheduledExecutorService bean found for scheduled processing
2018-04-20 13:06:04.214  INFO 13976 --- [main] f.m.OnixClienteTransmisionXmlApplication : Started OnixClienteTransmisionXmlApplication in 3.261 seconds (JVM running for 3.845)
2018-04-20 13:12:16.331  INFO 9364 --- [main] f.m.OnixClienteTransmisionXmlApplication : Starting OnixClienteTransmisionXmlApplication on CLS_LAP with PID 9364 (D:\wsQB\onix-cliente-transmision-xml\target\classes started by BYRON in D:\wsQB\onix-cliente-transmision-xml)
2018-04-20 13:12:16.335  INFO 9364 --- [main] f.m.OnixClienteTransmisionXmlApplication : No active profile set, falling back to default profiles: default
2018-04-20 13:12:16.409  INFO 9364 --- [main] s.c.a.AnnotationConfigApplicationContext : Refreshing org.springframework.context.annotation.AnnotationConfigApplicationContext@55b53d44: startup date [Fri Apr 20 13:12:16 COT 2018]; root of context hierarchy
2018-04-20 13:12:16.923  INFO 9364 --- [main] f.a.AutowiredAnnotationBeanPostProcessor : JSR-330 'javax.inject.Inject' annotation found and supported for autowiring
2018-04-20 13:12:17.704  INFO 9364 --- [main] o.s.j.e.a.AnnotationMBeanExporter        : Registering beans for JMX exposure on startup
2018-04-20 13:12:17.733  INFO 9364 --- [main] s.a.ScheduledAnnotationBeanPostProcessor : No TaskScheduler/ScheduledExecutorService bean found for scheduled processing
2018-04-20 13:12:17.786  INFO 9364 --- [main] f.m.OnixClienteTransmisionXmlApplication : Started OnixClienteTransmisionXmlApplication in 45.981 seconds (JVM running for 47.542)
2018-04-20 13:19:34.868  INFO 440 --- [main] f.m.OnixClienteTransmisionXmlApplication : Starting OnixClienteTransmisionXmlApplication on CLS_LAP with PID 440 (D:\wsQB\onix-cliente-transmision-xml\target\classes started by BYRON in D:\wsQB\onix-cliente-transmision-xml)
2018-04-20 13:19:34.883  INFO 440 --- [main] f.m.OnixClienteTransmisionXmlApplication : No active profile set, falling back to default profiles: default
2018-04-20 13:19:35.113  INFO 440 --- [main] s.c.a.AnnotationConfigApplicationContext : Refreshing org.springframework.context.annotation.AnnotationConfigApplicationContext@55b53d44: startup date [Fri Apr 20 13:19:35 COT 2018]; root of context hierarchy
2018-04-20 13:19:36.497  INFO 440 --- [main] f.a.AutowiredAnnotationBeanPostProcessor : JSR-330 'javax.inject.Inject' annotation found and supported for autowiring
2018-04-20 13:19:37.456  INFO 440 --- [main] o.s.j.e.a.AnnotationMBeanExporter        : Registering beans for JMX exposure on startup
2018-04-20 13:19:37.488  INFO 440 --- [main] s.a.ScheduledAnnotationBeanPostProcessor : No TaskScheduler/ScheduledExecutorService bean found for scheduled processing
2018-04-20 13:19:37.542  INFO 440 --- [main] f.m.OnixClienteTransmisionXmlApplication : Started OnixClienteTransmisionXmlApplication in 4.035 seconds (JVM running for 5.074)
2018-04-25 11:46:54.562  INFO 10484 --- [main] f.m.OnixClienteTransmisionXmlApplication : Starting OnixClienteTransmisionXmlApplication on CLS_LAP with PID 10484 (D:\wsQB\onix-cliente-transmision-xml\target\classes started by BYRON in D:\wsQB\onix-cliente-transmision-xml)
2018-04-25 11:46:54.567  INFO 10484 --- [main] f.m.OnixClienteTransmisionXmlApplication : No active profile set, falling back to default profiles: default
2018-04-25 11:46:54.657  INFO 10484 --- [main] s.c.a.AnnotationConfigApplicationContext : Refreshing org.springframework.context.annotation.AnnotationConfigApplicationContext@57f23557: startup date [Wed Apr 25 11:46:54 COT 2018]; root of context hierarchy
2018-04-25 11:46:55.392  INFO 10484 --- [main] f.a.AutowiredAnnotationBeanPostProcessor : JSR-330 'javax.inject.Inject' annotation found and supported for autowiring
2018-04-25 11:46:56.079  INFO 10484 --- [main] o.s.j.e.a.AnnotationMBeanExporter        : Registering beans for JMX exposure on startup
2018-04-25 11:46:56.103  INFO 10484 --- [main] s.a.ScheduledAnnotationBeanPostProcessor : No TaskScheduler/ScheduledExecutorService bean found for scheduled processing
2018-04-25 11:46:56.141  INFO 10484 --- [main] f.m.OnixClienteTransmisionXmlApplication : Started OnixClienteTransmisionXmlApplication in 1.876 seconds (JVM running for 2.205)
2018-04-25 12:44:12.373  INFO 12744 --- [main] f.m.OnixClienteTransmisionXmlApplication : Starting OnixClienteTransmisionXmlApplication on CLS_LAP with PID 12744 (D:\wsQB\onix-cliente-transmision-xml\target\classes started by BYRON in D:\wsQB\onix-cliente-transmision-xml)
2018-04-25 12:44:12.377  INFO 12744 --- [main] f.m.OnixClienteTransmisionXmlApplication : No active profile set, falling back to default profiles: default
2018-04-25 12:44:12.448  INFO 12744 --- [main] s.c.a.AnnotationConfigApplicationContext : Refreshing org.springframework.context.annotation.AnnotationConfigApplicationContext@57f23557: startup date [Wed Apr 25 12:44:12 COT 2018]; root of context hierarchy
2018-04-25 12:44:13.494  INFO 12744 --- [main] f.a.AutowiredAnnotationBeanPostProcessor : JSR-330 'javax.inject.Inject' annotation found and supported for autowiring
2018-04-25 12:44:14.182  INFO 12744 --- [main] o.s.j.e.a.AnnotationMBeanExporter        : Registering beans for JMX exposure on startup
2018-04-25 12:44:14.215  INFO 12744 --- [main] s.a.ScheduledAnnotationBeanPostProcessor : No TaskScheduler/ScheduledExecutorService bean found for scheduled processing
2018-04-25 12:44:14.254  INFO 12744 --- [main] f.m.OnixClienteTransmisionXmlApplication : Started OnixClienteTransmisionXmlApplication in 2.197 seconds (JVM running for 2.586)
2018-07-12 18:25:33.710  INFO 17924 --- [main] f.m.OnixClienteTransmisionXmlApplication : Starting OnixClienteTransmisionXmlApplication on CLS_LAP with PID 17924 (D:\wsQB\onix-cliente-transmision-xml\target\classes started by BYRON in D:\wsQB\onix-cliente-transmision-xml)
2018-07-12 18:25:33.717  INFO 17924 --- [main] f.m.OnixClienteTransmisionXmlApplication : No active profile set, falling back to default profiles: default
2018-07-12 18:25:33.815  INFO 17924 --- [main] s.c.a.AnnotationConfigApplicationContext : Refreshing org.springframework.context.annotation.AnnotationConfigApplicationContext@55b53d44: startup date [Thu Jul 12 18:25:33 COT 2018]; root of context hierarchy
2018-07-12 18:25:34.514  INFO 17924 --- [main] f.a.AutowiredAnnotationBeanPostProcessor : JSR-330 'javax.inject.Inject' annotation found and supported for autowiring
2018-07-12 18:25:35.740  INFO 17924 --- [main] o.s.j.e.a.AnnotationMBeanExporter        : Registering beans for JMX exposure on startup
2018-07-12 18:25:35.790  INFO 17924 --- [main] s.a.ScheduledAnnotationBeanPostProcessor : No TaskScheduler/ScheduledExecutorService bean found for scheduled processing
2018-07-12 18:25:35.858  INFO 17924 --- [main] f.m.OnixClienteTransmisionXmlApplication : Started OnixClienteTransmisionXmlApplication in 3.662 seconds (JVM running for 6.773)
2018-07-12 18:28:53.398  INFO 9316 --- [main] f.m.OnixClienteTransmisionXmlApplication : Starting OnixClienteTransmisionXmlApplication on CLS_LAP with PID 9316 (D:\wsQB\onix-cliente-transmision-xml\target\classes started by BYRON in D:\wsQB\onix-cliente-transmision-xml)
2018-07-12 18:28:53.406  INFO 9316 --- [main] f.m.OnixClienteTransmisionXmlApplication : No active profile set, falling back to default profiles: default
2018-07-12 18:28:53.510  INFO 9316 --- [main] s.c.a.AnnotationConfigApplicationContext : Refreshing org.springframework.context.annotation.AnnotationConfigApplicationContext@55b53d44: startup date [Thu Jul 12 18:28:53 COT 2018]; root of context hierarchy
2018-07-12 18:28:54.167  INFO 9316 --- [main] f.a.AutowiredAnnotationBeanPostProcessor : JSR-330 'javax.inject.Inject' annotation found and supported for autowiring
2018-07-12 18:28:54.723  INFO 9316 --- [main] o.s.j.e.a.AnnotationMBeanExporter        : Registering beans for JMX exposure on startup
2018-07-12 18:28:54.737  INFO 9316 --- [main] s.a.ScheduledAnnotationBeanPostProcessor : No TaskScheduler/ScheduledExecutorService bean found for scheduled processing
2018-07-12 18:28:54.761  INFO 9316 --- [main] f.m.OnixClienteTransmisionXmlApplication : Started OnixClienteTransmisionXmlApplication in 1.883 seconds (JVM running for 3.45)
2018-09-14 17:26:16.583  INFO 4644 --- [main] f.m.OnixClienteTransmisionXmlApplication : Starting OnixClienteTransmisionXmlApplication on CLS_LAP with PID 4644 (D:\wsQB\onix-cliente-transmision-xml\target\classes started by BYRON in D:\wsQB\onix-cliente-transmision-xml)
2018-09-14 17:26:16.591  INFO 4644 --- [main] f.m.OnixClienteTransmisionXmlApplication : No active profile set, falling back to default profiles: default
2018-09-14 17:26:16.733  INFO 4644 --- [main] s.c.a.AnnotationConfigApplicationContext : Refreshing org.springframework.context.annotation.AnnotationConfigApplicationContext@57f23557: startup date [Fri Sep 14 17:26:16 COT 2018]; root of context hierarchy
2018-09-14 17:26:18.262  INFO 4644 --- [main] f.a.AutowiredAnnotationBeanPostProcessor : JSR-330 'javax.inject.Inject' annotation found and supported for autowiring
2018-09-14 17:26:19.521  INFO 4644 --- [main] o.s.j.e.a.AnnotationMBeanExporter        : Registering beans for JMX exposure on startup
2018-09-14 17:26:19.575  INFO 4644 --- [main] s.a.ScheduledAnnotationBeanPostProcessor : No TaskScheduler/ScheduledExecutorService bean found for scheduled processing
2018-09-14 17:26:19.642  INFO 4644 --- [main] f.m.OnixClienteTransmisionXmlApplication : Started OnixClienteTransmisionXmlApplication in 3.629 seconds (JVM running for 5.352)
2018-09-14 17:26:34.723  INFO 8412 --- [main] f.m.OnixClienteTransmisionXmlApplication : Starting OnixClienteTransmisionXmlApplication on CLS_LAP with PID 8412 (D:\wsQB\onix-cliente-transmision-xml\target\classes started by BYRON in D:\wsQB\onix-cliente-transmision-xml)
2018-09-14 17:26:34.786  INFO 8412 --- [main] f.m.OnixClienteTransmisionXmlApplication : No active profile set, falling back to default profiles: default
2018-09-14 17:26:35.082  INFO 8412 --- [main] s.c.a.AnnotationConfigApplicationContext : Refreshing org.springframework.context.annotation.AnnotationConfigApplicationContext@55b53d44: startup date [Fri Sep 14 17:26:35 COT 2018]; root of context hierarchy
2018-09-14 17:26:36.465  INFO 8412 --- [main] f.a.AutowiredAnnotationBeanPostProcessor : JSR-330 'javax.inject.Inject' annotation found and supported for autowiring
2018-09-14 17:26:36.923  INFO 8412 --- [main] o.s.j.e.a.AnnotationMBeanExporter        : Registering beans for JMX exposure on startup
2018-09-14 17:26:36.936  INFO 8412 --- [main] s.a.ScheduledAnnotationBeanPostProcessor : No TaskScheduler/ScheduledExecutorService bean found for scheduled processing
2018-09-14 17:26:36.952  INFO 8412 --- [main] f.m.OnixClienteTransmisionXmlApplication : Started OnixClienteTransmisionXmlApplication in 3.996 seconds (JVM running for 5.819)
2019-12-17 06:34:57.480  INFO 12448 --- [main] f.m.OnixClienteTransmisionXmlApplication : Starting OnixClienteTransmisionXmlApplication on CLS_LAP with PID 12448 (D:\wsQB\onix-cliente-transmision-xml\target\classes started by BYRON in D:\wsQB\onix-cliente-transmision-xml)
2019-12-17 06:34:57.510  INFO 12448 --- [main] f.m.OnixClienteTransmisionXmlApplication : No active profile set, falling back to default profiles: default
2019-12-17 06:34:57.954  INFO 12448 --- [main] s.c.a.AnnotationConfigApplicationContext : Refreshing org.springframework.context.annotation.AnnotationConfigApplicationContext@55b53d44: startup date [Tue Dec 17 06:34:57 COT 2019]; root of context hierarchy
2019-12-17 06:35:00.085  INFO 12448 --- [main] f.a.AutowiredAnnotationBeanPostProcessor : JSR-330 'javax.inject.Inject' annotation found and supported for autowiring
2019-12-17 06:35:01.494  INFO 12448 --- [main] o.s.j.e.a.AnnotationMBeanExporter        : Registering beans for JMX exposure on startup
2019-12-17 06:35:01.544  INFO 12448 --- [main] s.a.ScheduledAnnotationBeanPostProcessor : No TaskScheduler/ScheduledExecutorService bean found for scheduled processing
2019-12-17 06:35:01.627  INFO 12448 --- [main] f.m.OnixClienteTransmisionXmlApplication : Started OnixClienteTransmisionXmlApplication in 6.172 seconds (JVM running for 8.114)
2019-12-17 15:50:20.812  INFO 12548 --- [main] f.m.OnixClienteTransmisionXmlApplication : Starting OnixClienteTransmisionXmlApplication on CLS_LAP with PID 12548 (D:\wsQB\onix-cliente-transmision-xml\target\classes started by BYRON in D:\wsQB\onix-cliente-transmision-xml)
2019-12-17 15:50:20.819  INFO 12548 --- [main] f.m.OnixClienteTransmisionXmlApplication : No active profile set, falling back to default profiles: default
2019-12-17 15:50:20.940  INFO 12548 --- [main] s.c.a.AnnotationConfigApplicationContext : Refreshing org.springframework.context.annotation.AnnotationConfigApplicationContext@57f23557: startup date [Tue Dec 17 15:50:20 COT 2019]; root of context hierarchy
2019-12-17 15:50:21.676  INFO 12548 --- [main] f.a.AutowiredAnnotationBeanPostProcessor : JSR-330 'javax.inject.Inject' annotation found and supported for autowiring
2019-12-17 15:50:22.160  INFO 12548 --- [main] o.s.j.e.a.AnnotationMBeanExporter        : Registering beans for JMX exposure on startup
2019-12-17 15:50:22.181  INFO 12548 --- [main] s.a.ScheduledAnnotationBeanPostProcessor : No TaskScheduler/ScheduledExecutorService bean found for scheduled processing
2019-12-17 15:50:22.210  INFO 12548 --- [main] f.m.OnixClienteTransmisionXmlApplication : Started OnixClienteTransmisionXmlApplication in 1.987 seconds (JVM running for 2.708)
